2022-04-05 16:24:13,961   DEBUG      client_log_config.py   Отладочная информация
2022-04-05 16:24:13,961   INFO       client_log_config.py   Информационное сообщение
2022-04-05 16:24:13,961   WARNING    client_log_config.py   Предупреждение
2022-04-05 16:24:13,961   ERROR      client_log_config.py   Ошибка
2022-04-05 16:24:13,961   CRITICAL   client_log_config.py   Критическая ошибка
2022-04-05 16:24:29,385   INFO       client.py              Запущен клиент с парамертами: адрес сервера: 127.0.0.1, порт: 7777
2022-04-05 16:24:29,385   DEBUG      client.py              Создание presence сообщения для пользователя Guest.
2022-04-05 16:24:29,385   INFO       client.py              Отправка сообшения серверу.
2022-04-05 16:24:29,385   INFO       client.py              Обработка сообщения от сервера: {'response': 200}
2022-04-05 16:24:29,385   INFO       client.py              Успешная обработка сообшения от сервера.
2022-04-05 16:24:29,385   INFO       client.py              Принят ответ от сервера 200 : OK
2022-04-07 13:39:55,526   DEBUG      client.py              Создание presence сообщения для пользователя Guest.
2022-04-07 13:39:55,571   DEBUG      decorators.py          Вызов функции: create_presence с параметрами (), {}.Модуль: __main__.Вызов из функции: create_presence(account_name='Guest'):.Вызов из функции: __call__
2022-04-07 14:34:02,728   DEBUG      client.py              Создание presence сообщения для пользователя Guest.
2022-04-07 14:34:02,765   DEBUG      decorators.py          Функция: create_presence.Парамаетры: (), {}.Модуль: __main__.Вызов из функции: create_presence(account_name='Guest'):.Вызов из функции: logger
2022-04-07 15:07:57,718   DEBUG      client.py              Создание presence сообщения для пользователя Guest.
2022-04-07 15:07:57,746   DEBUG      decorators.py          Функция: create_presence.Парамаетры: (), {}.Модуль: __main__.Вызов из функции: create_presence(account_name='Guest'):.Вызов из функции: logger
2022-04-07 15:15:53,538   DEBUG      client.py              Создание presence сообщения для пользователя Guest.
2022-04-07 15:15:53,571   DEBUG      decorators.py          Вызов функции: create_presence с параметрами (), {}.Модуль: __main__.Вызов из функции: create_presence(account_name='Guest'):.Вызов из функции: __call__
2022-04-07 15:17:37,460   DEBUG      client.py              Создание presence сообщения для пользователя Guest.
2022-04-07 15:17:54,888   DEBUG      decorators.py          Вызов функции: create_presence с параметрами (), {}.Модуль: __main__.Вызов из функции: main().Вызов из функции: __call__
2022-04-07 15:48:00,006   INFO       client.py              Запущен клиент с парамертами: адрес сервера: 127.0.0.1, порт: 7777
2022-04-07 15:48:00,008   DEBUG      client.py              Создание presence сообщения для пользователя Guest.
2022-04-07 15:48:00,040   DEBUG      decorators.py          вызвана функция: create_presence с параметрами (), {}.Модуль: __main__.Вызов из функции main().Вызов из функции main
2022-04-07 15:48:00,040   INFO       client.py              Отправка сообшения серверу.
2022-04-07 15:48:00,075   INFO       client.py              Обработка сообщения от сервера: {'response': 200}
2022-04-07 15:48:00,075   INFO       client.py              Успешная обработка сообшения от сервера.
2022-04-07 15:48:00,076   DEBUG      decorators.py          вызвана функция: process_ans с параметрами ({'response': 200},), {}.Модуль: __main__.Вызов из функции main().Вызов из функции main
2022-04-07 15:48:00,076   INFO       client.py              Принят ответ от сервера 200 : OK
2022-04-07 15:50:26,282   INFO       client.py              Запущен клиент с парамертами: адрес сервера: 127.0.0.1, порт: 7777
2022-04-07 15:50:26,285   DEBUG      client.py              Создание presence сообщения для пользователя Guest.
2022-04-07 15:50:26,323   DEBUG      decorators.py          Вызов функции: create_presence с параметрами (), {}.Модуль: __main__.Вызов из функции main().Вызов из функции main
2022-04-07 15:50:26,323   INFO       client.py              Отправка сообшения серверу.
2022-04-07 15:50:26,357   INFO       client.py              Обработка сообщения от сервера: {'response': 200}
2022-04-07 15:50:26,357   INFO       client.py              Успешная обработка сообшения от сервера.
2022-04-07 15:50:26,358   DEBUG      decorators.py          Вызов функции: process_ans с параметрами ({'response': 200},), {}.Модуль: __main__.Вызов из функции main().Вызов из функции main
2022-04-07 15:50:26,359   INFO       client.py              Принят ответ от сервера 200 : OK
