2022-04-07 15:30:59,774   INFO       server.py              Сервер запущен на порту: 7777.
2022-04-07 15:31:12,152   INFO       server.py              Сервер запущен на порту: 7777.
2022-04-07 15:31:17,137   INFO       server.py              Установлено соедение с ('127.0.0.1', 52817)
2022-04-07 15:31:17,167   DEBUG      server.py              Получено сообщение {'action': 'presence', 'time': 1649331077.1379013, 'user': {'account_name': 'Guest'}}
2022-04-07 15:31:17,167   DEBUG      server.py              Обработка сообщения от клиента: {'action': 'presence', 'time': 1649331077.1379013, 'user': {'account_name': 'Guest'}}
2022-04-07 15:31:17,200   INFO       server.py              Cформирован ответ клиенту {'response': 200}
2022-04-07 15:40:32,499   INFO       server.py              Сервер запущен на порту: 7777.
2022-04-07 15:40:42,343   INFO       server.py              Установлено соедение с ('127.0.0.1', 52833)
2022-04-07 15:40:42,375   DEBUG      server.py              Получено сообщение {'action': 'presence', 'time': 1649331642.3438213, 'user': {'account_name': 'Guest'}}
2022-04-07 15:40:42,375   DEBUG      server.py              Обработка сообщения от клиента: {'action': 'presence', 'time': 1649331642.3438213, 'user': {'account_name': 'Guest'}}
2022-04-07 15:40:42,407   DEBUG      decorators.py          Функция: process_client_message.Параметры: ({'action': 'presence', 'time': 1649331642.3438213, 'user': {'account_name': 'Guest'}},), {}.Модуль: __main__.Вызов из функции main().Вызов из функции main
2022-04-07 15:40:42,408   INFO       server.py              Cформирован ответ клиенту {'response': 200}
2022-04-07 15:44:41,833   INFO       server.py              Сервер запущен на порту: 7777.
2022-04-07 15:44:45,384   INFO       server.py              Установлено соедение с ('127.0.0.1', 52837)
2022-04-07 15:44:45,410   DEBUG      server.py              Получено сообщение {'action': 'presence', 'time': 1649331885.3842676, 'user': {'account_name': 'Guest'}}
2022-04-07 15:44:45,410   DEBUG      server.py              Обработка сообщения от клиента: {'action': 'presence', 'time': 1649331885.3842676, 'user': {'account_name': 'Guest'}}
2022-04-07 15:44:45,439   DEBUG      decorators.py          Функция: process_client_message.Парамаетры: ({'action': 'presence', 'time': 1649331885.3842676, 'user': {'account_name': 'Guest'}},), {}.Модуль: __main__.Вызов из функции: main().Вызов из функции: main
2022-04-07 15:44:45,439   INFO       server.py              Cформирован ответ клиенту {'response': 200}
2022-04-07 15:47:57,191   INFO       server.py              Сервер запущен на порту: 7777.
2022-04-07 15:48:00,009   INFO       server.py              Установлено соедение с ('127.0.0.1', 52841)
2022-04-07 15:48:00,041   DEBUG      server.py              Получено сообщение {'action': 'presence', 'time': 1649332080.00845, 'user': {'account_name': 'Guest'}}
2022-04-07 15:48:00,041   DEBUG      server.py              Обработка сообщения от клиента: {'action': 'presence', 'time': 1649332080.00845, 'user': {'account_name': 'Guest'}}
2022-04-07 15:48:00,074   INFO       server.py              Cформирован ответ клиенту {'response': 200}
2022-04-07 15:50:23,771   INFO       server.py              Сервер запущен на порту: 7777.
2022-04-07 15:50:26,285   INFO       server.py              Установлено соедение с ('127.0.0.1', 52860)
2022-04-07 15:50:26,323   DEBUG      server.py              Получено сообщение {'action': 'presence', 'time': 1649332226.285919, 'user': {'account_name': 'Guest'}}
2022-04-07 15:50:26,324   DEBUG      server.py              Обработка сообщения от клиента: {'action': 'presence', 'time': 1649332226.285919, 'user': {'account_name': 'Guest'}}
2022-04-07 15:50:26,356   INFO       server.py              Cформирован ответ клиенту {'response': 200}
