2022-04-05 16:24:13,961   DEBUG      client_log_config.py   Отладочная информация
2022-04-05 16:24:13,961   INFO       client_log_config.py   Информационное сообщение
2022-04-05 16:24:13,961   WARNING    client_log_config.py   Предупреждение
2022-04-05 16:24:13,961   ERROR      client_log_config.py   Ошибка
2022-04-05 16:24:13,961   CRITICAL   client_log_config.py   Критическая ошибка
2022-04-05 16:24:29,385   INFO       client.py              Запущен клиент с парамертами: адрес сервера: 127.0.0.1, порт: 7777
2022-04-05 16:24:29,385   DEBUG      client.py              Создание presence сообщения для пользователя Guest.
2022-04-05 16:24:29,385   INFO       client.py              Отправка сообшения серверу.
2022-04-05 16:24:29,385   INFO       client.py              Обработка сообщения от сервера: {'response': 200}
2022-04-05 16:24:29,385   INFO       client.py              Успешная обработка сообшения от сервера.
2022-04-05 16:24:29,385   INFO       client.py              Принят ответ от сервера 200 : OK
2022-04-07 13:39:55,526   DEBUG      client.py              Создание presence сообщения для пользователя Guest.
2022-04-07 13:39:55,571   DEBUG      decorators.py          Вызов функции: create_presence с параметрами (), {}.Модуль: __main__.Вызов из функции: create_presence(account_name='Guest'):.Вызов из функции: __call__
2022-04-07 14:34:02,728   DEBUG      client.py              Создание presence сообщения для пользователя Guest.
2022-04-07 14:34:02,765   DEBUG      decorators.py          Функция: create_presence.Парамаетры: (), {}.Модуль: __main__.Вызов из функции: create_presence(account_name='Guest'):.Вызов из функции: logger
2022-04-07 15:07:57,718   DEBUG      client.py              Создание presence сообщения для пользователя Guest.
2022-04-07 15:07:57,746   DEBUG      decorators.py          Функция: create_presence.Парамаетры: (), {}.Модуль: __main__.Вызов из функции: create_presence(account_name='Guest'):.Вызов из функции: logger
2022-04-07 15:15:53,538   DEBUG      client.py              Создание presence сообщения для пользователя Guest.
2022-04-07 15:15:53,571   DEBUG      decorators.py          Вызов функции: create_presence с параметрами (), {}.Модуль: __main__.Вызов из функции: create_presence(account_name='Guest'):.Вызов из функции: __call__
2022-04-07 15:17:37,460   DEBUG      client.py              Создание presence сообщения для пользователя Guest.
2022-04-07 15:17:54,888   DEBUG      decorators.py          Вызов функции: create_presence с параметрами (), {}.Модуль: __main__.Вызов из функции: main().Вызов из функции: __call__
2022-04-07 15:48:00,006   INFO       client.py              Запущен клиент с парамертами: адрес сервера: 127.0.0.1, порт: 7777
2022-04-07 15:48:00,008   DEBUG      client.py              Создание presence сообщения для пользователя Guest.
2022-04-07 15:48:00,040   DEBUG      decorators.py          вызвана функция: create_presence с параметрами (), {}.Модуль: __main__.Вызов из функции main().Вызов из функции main
2022-04-07 15:48:00,040   INFO       client.py              Отправка сообшения серверу.
2022-04-07 15:48:00,075   INFO       client.py              Обработка сообщения от сервера: {'response': 200}
2022-04-07 15:48:00,075   INFO       client.py              Успешная обработка сообшения от сервера.
2022-04-07 15:48:00,076   DEBUG      decorators.py          вызвана функция: process_ans с параметрами ({'response': 200},), {}.Модуль: __main__.Вызов из функции main().Вызов из функции main
2022-04-07 15:48:00,076   INFO       client.py              Принят ответ от сервера 200 : OK
2022-04-07 15:50:26,282   INFO       client.py              Запущен клиент с парамертами: адрес сервера: 127.0.0.1, порт: 7777
2022-04-07 15:50:26,285   DEBUG      client.py              Создание presence сообщения для пользователя Guest.
2022-04-07 15:50:26,323   DEBUG      decorators.py          Вызов функции: create_presence с параметрами (), {}.Модуль: __main__.Вызов из функции main().Вызов из функции main
2022-04-07 15:50:26,323   INFO       client.py              Отправка сообшения серверу.
2022-04-07 15:50:26,357   INFO       client.py              Обработка сообщения от сервера: {'response': 200}
2022-04-07 15:50:26,357   INFO       client.py              Успешная обработка сообшения от сервера.
2022-04-07 15:50:26,358   DEBUG      decorators.py          Вызов функции: process_ans с параметрами ({'response': 200},), {}.Модуль: __main__.Вызов из функции main().Вызов из функции main
2022-04-07 15:50:26,359   INFO       client.py              Принят ответ от сервера 200 : OK
2022-04-10 17:49:00,311   DEBUG      decorators.py          Вызов функции: arg_parser с параметрами (), {}.Модуль: __main__.
2022-04-10 17:49:00,312   INFO       client.py              Запущен клиент с параметрами: адрес сервера: 127.0.0.1, порт: 7777, режим работы: send
2022-04-10 17:49:00,315   DEBUG      client.py              Создание presence сообщения для пользователя Guest.
2022-04-10 17:49:00,315   DEBUG      decorators.py          Вызов функции: create_presence с параметрами (), {}.Модуль: __main__.
2022-04-10 17:49:00,316   INFO       client.py              Обработка сообщения от сервера: {'response': 200}
2022-04-10 17:49:00,316   INFO       client.py              Успешная обработка сообшения от сервера.
2022-04-10 17:49:00,316   DEBUG      decorators.py          Вызов функции: process_response_ans с параметрами ({'response': 200},), {}.Модуль: __main__.
2022-04-10 17:49:00,317   INFO       client.py              Установлено соединение с сервером. Ответ сервера: 200 : OK
2022-04-10 17:49:00,409   DEBUG      decorators.py          Вызов функции: arg_parser с параметрами (), {}.Модуль: __main__.
2022-04-10 17:49:00,410   INFO       client.py              Запущен клиент с параметрами: адрес сервера: 127.0.0.1, порт: 7777, режим работы: listen
2022-04-10 17:49:00,412   DEBUG      client.py              Создание presence сообщения для пользователя Guest.
2022-04-10 17:49:00,412   DEBUG      decorators.py          Вызов функции: create_presence с параметрами (), {}.Модуль: __main__.
2022-04-10 17:49:00,425   DEBUG      decorators.py          Вызов функции: arg_parser с параметрами (), {}.Модуль: __main__.
2022-04-10 17:49:00,426   INFO       client.py              Запущен клиент с параметрами: адрес сервера: 127.0.0.1, порт: 7777, режим работы: send
2022-04-10 17:49:00,428   DEBUG      client.py              Создание presence сообщения для пользователя Guest.
2022-04-10 17:49:00,428   DEBUG      decorators.py          Вызов функции: create_presence с параметрами (), {}.Модуль: __main__.
2022-04-10 17:49:00,429   INFO       client.py              Обработка сообщения от сервера: {'response': 200}
2022-04-10 17:49:00,430   INFO       client.py              Успешная обработка сообшения от сервера.
2022-04-10 17:49:00,430   DEBUG      decorators.py          Вызов функции: process_response_ans с параметрами ({'response': 200},), {}.Модуль: __main__.
2022-04-10 17:49:00,430   INFO       client.py              Установлено соединение с сервером. Ответ сервера: 200 : OK
2022-04-10 17:49:00,517   DEBUG      decorators.py          Вызов функции: arg_parser с параметрами (), {}.Модуль: __main__.
2022-04-10 17:49:00,517   INFO       client.py              Запущен клиент с параметрами: адрес сервера: 127.0.0.1, порт: 7777, режим работы: listen
2022-04-10 17:49:00,519   DEBUG      client.py              Создание presence сообщения для пользователя Guest.
2022-04-10 17:49:00,519   DEBUG      decorators.py          Вызов функции: create_presence с параметрами (), {}.Модуль: __main__.
2022-04-10 17:49:00,520   INFO       client.py              Обработка сообщения от сервера: {'response': 200}
2022-04-10 17:49:00,521   INFO       client.py              Успешная обработка сообшения от сервера.
2022-04-10 17:49:00,521   DEBUG      decorators.py          Вызов функции: process_response_ans с параметрами ({'response': 200},), {}.Модуль: __main__.
2022-04-10 17:49:00,521   INFO       client.py              Установлено соединение с сервером. Ответ сервера: 200 : OK
2022-04-10 17:49:01,029   INFO       client.py              Обработка сообщения от сервера: {'response': 200}
2022-04-10 17:49:01,029   INFO       client.py              Успешная обработка сообшения от сервера.
2022-04-10 17:49:01,029   DEBUG      decorators.py          Вызов функции: process_response_ans с параметрами ({'response': 200},), {}.Модуль: __main__.
2022-04-10 17:49:01,029   INFO       client.py              Установлено соединение с сервером. Ответ сервера: 200 : OK
2022-04-10 17:49:41,091   DEBUG      client.py              Сформирован словарь сообщения: {'action': 'message', 'time': 1649598581.0758295, 'account_name': 'Guest', 'mess_text': 'hi'}
2022-04-10 17:49:41,091   DEBUG      decorators.py          Вызов функции: create_message с параметрами (<socket.socket fd=296, family=AddressFamily.AF_INET, type=SocketKind.SOCK_STREAM, proto=0, laddr=('127.0.0.1', 61130), raddr=('127.0.0.1', 7777)>,), {}.Модуль: __main__.
2022-04-10 17:49:41,357   INFO       client.py              Получено сообщение от пользователя Guest:
hi
2022-04-10 17:49:41,357   DEBUG      decorators.py          Вызов функции: message_from_server с параметрами ({'action': 'message', 'sender': 'Guest', 'time': 1649598581.3570821, 'mess_text': 'hi'},), {}.Модуль: __main__.
2022-04-10 17:49:41,357   INFO       client.py              Получено сообщение от пользователя Guest:
hi
2022-04-10 17:49:41,357   DEBUG      decorators.py          Вызов функции: message_from_server с параметрами ({'action': 'message', 'sender': 'Guest', 'time': 1649598581.3570821, 'mess_text': 'hi'},), {}.Модуль: __main__.
2022-04-10 17:49:53,126   INFO       client.py              Завершение работы по команде пользователя.
2022-04-10 17:50:20,418   DEBUG      decorators.py          Вызов функции: arg_parser с параметрами (), {}.Модуль: __main__.
2022-04-10 17:50:20,419   INFO       client.py              Запущен клиент с параметрами: адрес сервера: 127.0.0.1, порт: 7777, режим работы: send
2022-04-10 17:50:20,421   DEBUG      client.py              Создание presence сообщения для пользователя Guest.
2022-04-10 17:50:20,421   DEBUG      decorators.py          Вызов функции: create_presence с параметрами (), {}.Модуль: __main__.
2022-04-10 17:50:20,463   DEBUG      decorators.py          Вызов функции: arg_parser с параметрами (), {}.Модуль: __main__.
2022-04-10 17:50:20,464   INFO       client.py              Запущен клиент с параметрами: адрес сервера: 127.0.0.1, порт: 7777, режим работы: listen
2022-04-10 17:50:20,466   DEBUG      client.py              Создание presence сообщения для пользователя Guest.
2022-04-10 17:50:20,466   DEBUG      decorators.py          Вызов функции: create_presence с параметрами (), {}.Модуль: __main__.
2022-04-10 17:50:20,467   INFO       client.py              Обработка сообщения от сервера: {'response': 200}
2022-04-10 17:50:20,467   INFO       client.py              Успешная обработка сообшения от сервера.
2022-04-10 17:50:20,468   DEBUG      decorators.py          Вызов функции: process_response_ans с параметрами ({'response': 200},), {}.Модуль: __main__.
2022-04-10 17:50:20,468   INFO       client.py              Установлено соединение с сервером. Ответ сервера: 200 : OK
2022-04-10 17:50:20,476   DEBUG      decorators.py          Вызов функции: arg_parser с параметрами (), {}.Модуль: __main__.
2022-04-10 17:50:20,476   INFO       client.py              Запущен клиент с параметрами: адрес сервера: 127.0.0.1, порт: 7777, режим работы: send
2022-04-10 17:50:20,476   DEBUG      client.py              Создание presence сообщения для пользователя Guest.
2022-04-10 17:50:20,476   DEBUG      decorators.py          Вызов функции: create_presence с параметрами (), {}.Модуль: __main__.
2022-04-10 17:50:20,476   INFO       client.py              Обработка сообщения от сервера: {'response': 200}
2022-04-10 17:50:20,476   INFO       client.py              Успешная обработка сообшения от сервера.
2022-04-10 17:50:20,476   DEBUG      decorators.py          Вызов функции: process_response_ans с параметрами ({'response': 200},), {}.Модуль: __main__.
2022-04-10 17:50:20,476   INFO       client.py              Установлено соединение с сервером. Ответ сервера: 200 : OK
2022-04-10 17:50:20,554   DEBUG      decorators.py          Вызов функции: arg_parser с параметрами (), {}.Модуль: __main__.
2022-04-10 17:50:20,554   INFO       client.py              Запущен клиент с параметрами: адрес сервера: 127.0.0.1, порт: 7777, режим работы: listen
2022-04-10 17:50:20,554   DEBUG      client.py              Создание presence сообщения для пользователя Guest.
2022-04-10 17:50:20,569   DEBUG      decorators.py          Вызов функции: create_presence с параметрами (), {}.Модуль: __main__.
2022-04-10 17:50:20,569   INFO       client.py              Обработка сообщения от сервера: {'response': 200}
2022-04-10 17:50:20,569   INFO       client.py              Успешная обработка сообшения от сервера.
2022-04-10 17:50:20,569   DEBUG      decorators.py          Вызов функции: process_response_ans с параметрами ({'response': 200},), {}.Модуль: __main__.
2022-04-10 17:50:20,569   INFO       client.py              Установлено соединение с сервером. Ответ сервера: 200 : OK
2022-04-10 17:50:21,079   INFO       client.py              Обработка сообщения от сервера: {'response': 200}
2022-04-10 17:50:21,079   INFO       client.py              Успешная обработка сообшения от сервера.
2022-04-10 17:50:21,079   DEBUG      decorators.py          Вызов функции: process_response_ans с параметрами ({'response': 200},), {}.Модуль: __main__.
2022-04-10 17:50:21,079   INFO       client.py              Установлено соединение с сервером. Ответ сервера: 200 : OK
